
> my-store@0.1.0 dev
> next dev

   ▲ Next.js 16.0.7 (Turbopack)
   - Local:         http://localhost:3000
   - Network:       http://192.168.0.2:3000
   - Experiments (use with caution):
     ✓ optimizeCss
     · optimizePackageImports

 ✓ Starting...
Attention: Next.js now collects completely anonymous telemetry regarding usage.
This information is used to shape Next.js' roadmap and prioritize features.
You can learn more, including how to opt-out if you'd not like to participate in this anonymous program, by visiting the following URL:
https://nextjs.org/telemetry

 ✓ Ready in 1537ms
 ○ Compiling / ...
 GET / 200 in 10.4s (compile: 8.2s, proxy.ts: 357ms, render: 1799ms)
 ⨯ Error: Please define the MONGODB_URI environment variable inside .env.local
    at module evaluation (lib/database.ts:10:9)
    at module evaluation (app/api/user/route.ts:2:1)
    at Object.<anonymous> (.next/dev/server/app/api/user/route.js:5:3)
   8 |
   9 | if (!MONGODB_URI) {
> 10 |   throw new Error(
     |         ^
  11 |     "Please define the MONGODB_URI environment variable inside .env.local"
  12 |   );
  13 | } {
  page: '/api/user'
}
 GET /terms-of-service 200 in 2.1s (compile: 1967ms, proxy.ts: 7ms, render: 127ms)
 ○ Compiling /api/user ...
 GET /api/user 500 in 3.5s (proxy.ts: 15ms)
 GET / 200 in 379ms (compile: 10ms, proxy.ts: 4ms, render: 364ms)
Time 10ms
 ⨯ Error: Please define the MONGODB_URI environment variable inside .env.local
    at module evaluation (lib/database.ts:10:9)
    at module evaluation (app/api/user/route.ts:2:1)
    at Object.<anonymous> (.next/dev/server/app/api/user/route.js:5:3)
   8 |
   9 | if (!MONGODB_URI) {
> 10 |   throw new Error(
     |         ^
  11 |     "Please define the MONGODB_URI environment variable inside .env.local"
  12 |   );
  13 | } {
  page: '/api/user'
}
Time 2ms
 GET /api/user 500 in 116ms (compile: 84ms, proxy.ts: 11ms, render: 21ms)
 ⨯ Error: Please define the MONGODB_URI environment variable inside .env.local
    at module evaluation (lib/database.ts:10:9)
    at module evaluation (app/api/user/route.ts:2:1)
    at Object.<anonymous> (.next/dev/server/app/api/user/route.js:5:3)
   8 |
   9 | if (!MONGODB_URI) {
> 10 |   throw new Error(
     |         ^
  11 |     "Please define the MONGODB_URI environment variable inside .env.local"
  12 |   );
  13 | } {
  page: '/api/user/purchased-templates'
}
 ⨯ Error: Please define the MONGODB_URI environment variable inside .env.local
    at module evaluation (lib/database.ts:10:9)
    at module evaluation (app/api/user/route.ts:2:1)
    at Object.<anonymous> (.next/dev/server/app/api/user/route.js:5:3)
   8 |
   9 | if (!MONGODB_URI) {
> 10 |   throw new Error(
     |         ^
  11 |     "Please define the MONGODB_URI environment variable inside .env.local"
  12 |   );
  13 | } {
  page: '/api/user/favorites'
}
Time 1ms
Time 5ms
 GET /api/user/purchased-templates 500 in 689ms (compile: 625ms, proxy.ts: 22ms, render: 43ms)
 GET /api/user/favorites 500 in 705ms (compile: 678ms, proxy.ts: 5ms, render: 23ms)
 GET /privacy-policy 200 in 1270ms (compile: 1196ms, proxy.ts: 11ms, render: 63ms)
MongooseError: Connection operation buffering timed out after 10000ms
    at ignore-listed frames
MongooseError: Connection operation buffering timed out after 10000ms
    at ignore-listed frames
